<?xml version="1.0" encoding="UTF-8"?>
<testsuite xmlns:xsi="http://www.w3.org/2001/XMLSchema-instance" xsi:noNamespaceSchemaLocation="https://maven.apache.org/surefire/maven-surefire-plugin/xsd/surefire-test-report-3.0.xsd" version="3.0" name="com.SchemaEvolution.FlinkApp.AppTest" time="0.024" tests="1" errors="0" skipped="0" failures="0">
  <properties>
    <property name="java.specification.version" value="23"/>
    <property name="sun.jnu.encoding" value="UTF-8"/>
    <property name="java.class.path" value="/Users/barsnir/Desktop/projects/flink_schema_evolution/FlinkApp/target/test-classes:/Users/barsnir/Desktop/projects/flink_schema_evolution/FlinkApp/target/classes:/Users/barsnir/.m2/repository/junit/junit/3.8.1/junit-3.8.1.jar:/Users/barsnir/.m2/repository/org/apache/flink/flink-table-api-java/1.20.0/flink-table-api-java-1.20.0.jar:/Users/barsnir/.m2/repository/org/apache/flink/flink-table-common/1.20.0/flink-table-common-1.20.0.jar:/Users/barsnir/.m2/repository/org/apache/flink/flink-core/1.20.0/flink-core-1.20.0.jar:/Users/barsnir/.m2/repository/org/apache/flink/flink-core-api/1.20.0/flink-core-api-1.20.0.jar:/Users/barsnir/.m2/repository/org/apache/flink/flink-metrics-core/1.20.0/flink-metrics-core-1.20.0.jar:/Users/barsnir/.m2/repository/org/apache/flink/flink-annotations/1.20.0/flink-annotations-1.20.0.jar:/Users/barsnir/.m2/repository/org/apache/flink/flink-shaded-jackson/2.14.2-17.0/flink-shaded-jackson-2.14.2-17.0.jar:/Users/barsnir/.m2/repository/org/snakeyaml/snakeyaml-engine/2.6/snakeyaml-engine-2.6.jar:/Users/barsnir/.m2/repository/org/apache/commons/commons-text/1.10.0/commons-text-1.10.0.jar:/Users/barsnir/.m2/repository/com/esotericsoftware/kryo/kryo/2.24.0/kryo-2.24.0.jar:/Users/barsnir/.m2/repository/com/esotericsoftware/minlog/minlog/1.2/minlog-1.2.jar:/Users/barsnir/.m2/repository/org/objenesis/objenesis/2.1/objenesis-2.1.jar:/Users/barsnir/.m2/repository/commons-collections/commons-collections/3.2.2/commons-collections-3.2.2.jar:/Users/barsnir/.m2/repository/org/apache/flink/flink-shaded-guava/31.1-jre-17.0/flink-shaded-guava-31.1-jre-17.0.jar:/Users/barsnir/.m2/repository/org/apache/flink/flink-shaded-asm-9/9.5-17.0/flink-shaded-asm-9-9.5-17.0.jar:/Users/barsnir/.m2/repository/com/ibm/icu/icu4j/67.1/icu4j-67.1.jar:/Users/barsnir/.m2/repository/org/slf4j/slf4j-api/1.7.36/slf4j-api-1.7.36.jar:/Users/barsnir/.m2/repository/com/google/code/findbugs/jsr305/1.3.9/jsr305-1.3.9.jar:/Users/barsnir/.m2/repository/org/apache/flink/flink-sql-connector-kafka/3.3.0-1.20/flink-sql-connector-kafka-3.3.0-1.20.jar:/Users/barsnir/.m2/repository/com/fasterxml/jackson/core/jackson-core/2.15.2/jackson-core-2.15.2.jar:/Users/barsnir/.m2/repository/com/fasterxml/jackson/core/jackson-databind/2.15.2/jackson-databind-2.15.2.jar:/Users/barsnir/.m2/repository/com/fasterxml/jackson/core/jackson-annotations/2.15.2/jackson-annotations-2.15.2.jar:/Users/barsnir/.m2/repository/com/fasterxml/jackson/datatype/jackson-datatype-jsr310/2.15.2/jackson-datatype-jsr310-2.15.2.jar:/Users/barsnir/.m2/repository/com/fasterxml/jackson/datatype/jackson-datatype-jdk8/2.15.2/jackson-datatype-jdk8-2.15.2.jar:/Users/barsnir/.m2/repository/org/apache/flink/flink-sql-avro/1.20.0/flink-sql-avro-1.20.0.jar:/Users/barsnir/.m2/repository/org/apache/flink/flink-sql-avro-confluent-registry/1.20.0/flink-sql-avro-confluent-registry-1.20.0.jar:/Users/barsnir/.m2/repository/org/slf4j/slf4j-reload4j/1.7.36/slf4j-reload4j-1.7.36.jar:/Users/barsnir/.m2/repository/ch/qos/reload4j/reload4j/1.2.19/reload4j-1.2.19.jar:/Users/barsnir/.m2/repository/io/confluent/kafka-schema-registry-client/7.8.0/kafka-schema-registry-client-7.8.0.jar:/Users/barsnir/.m2/repository/org/yaml/snakeyaml/2.0/snakeyaml-2.0.jar:/Users/barsnir/.m2/repository/org/apache/kafka/kafka-clients/7.8.0-ccs/kafka-clients-7.8.0-ccs.jar:/Users/barsnir/.m2/repository/com/github/luben/zstd-jni/1.5.6-4/zstd-jni-1.5.6-4.jar:/Users/barsnir/.m2/repository/org/lz4/lz4-java/1.8.0/lz4-java-1.8.0.jar:/Users/barsnir/.m2/repository/org/xerial/snappy/snappy-java/1.1.10.5/snappy-java-1.1.10.5.jar:/Users/barsnir/.m2/repository/org/apache/avro/avro/1.11.4/avro-1.11.4.jar:/Users/barsnir/.m2/repository/org/apache/commons/commons-compress/1.26.1/commons-compress-1.26.1.jar:/Users/barsnir/.m2/repository/commons-codec/commons-codec/1.16.1/commons-codec-1.16.1.jar:/Users/barsnir/.m2/repository/commons-io/commons-io/2.15.1/commons-io-2.15.1.jar:/Users/barsnir/.m2/repository/org/apache/commons/commons-lang3/3.14.0/commons-lang3-3.14.0.jar:/Users/barsnir/.m2/repository/io/swagger/core/v3/swagger-annotations/2.1.10/swagger-annotations-2.1.10.jar:/Users/barsnir/.m2/repository/com/google/guava/guava/32.0.1-jre/guava-32.0.1-jre.jar:/Users/barsnir/.m2/repository/com/google/guava/failureaccess/1.0.1/failureaccess-1.0.1.jar:/Users/barsnir/.m2/repository/com/google/guava/listenablefuture/9999.0-empty-to-avoid-conflict-with-guava/listenablefuture-9999.0-empty-to-avoid-conflict-with-guava.jar:/Users/barsnir/.m2/repository/org/checkerframework/checker-qual/3.33.0/checker-qual-3.33.0.jar:/Users/barsnir/.m2/repository/com/google/errorprone/error_prone_annotations/2.18.0/error_prone_annotations-2.18.0.jar:/Users/barsnir/.m2/repository/com/google/j2objc/j2objc-annotations/2.8/j2objc-annotations-2.8.jar:/Users/barsnir/.m2/repository/io/confluent/common-utils/7.8.0/common-utils-7.8.0.jar:/Users/barsnir/.m2/repository/org/json/json/20240303/json-20240303.jar:"/>
    <property name="java.vm.vendor" value="Homebrew"/>
    <property name="sun.arch.data.model" value="64"/>
    <property name="java.vendor.url" value="https://github.com/Homebrew/homebrew-core/issues"/>
    <property name="os.name" value="Mac OS X"/>
    <property name="java.vm.specification.version" value="23"/>
    <property name="sun.java.launcher" value="SUN_STANDARD"/>
    <property name="user.country" value="IL"/>
    <property name="sun.boot.library.path" value="/opt/homebrew/Cellar/openjdk/23.0.1/libexec/openjdk.jdk/Contents/Home/lib"/>
    <property name="sun.java.command" value="/Users/barsnir/Desktop/projects/flink_schema_evolution/FlinkApp/target/surefire/surefirebooter-20250108025629395_3.jar /Users/barsnir/Desktop/projects/flink_schema_evolution/FlinkApp/target/surefire 2025-01-08T02-56-29_353-jvmRun1 surefire-20250108025629395_1tmp surefire_0-20250108025629395_2tmp"/>
    <property name="jdk.debug" value="release"/>
    <property name="surefire.test.class.path" value="/Users/barsnir/Desktop/projects/flink_schema_evolution/FlinkApp/target/test-classes:/Users/barsnir/Desktop/projects/flink_schema_evolution/FlinkApp/target/classes:/Users/barsnir/.m2/repository/junit/junit/3.8.1/junit-3.8.1.jar:/Users/barsnir/.m2/repository/org/apache/flink/flink-table-api-java/1.20.0/flink-table-api-java-1.20.0.jar:/Users/barsnir/.m2/repository/org/apache/flink/flink-table-common/1.20.0/flink-table-common-1.20.0.jar:/Users/barsnir/.m2/repository/org/apache/flink/flink-core/1.20.0/flink-core-1.20.0.jar:/Users/barsnir/.m2/repository/org/apache/flink/flink-core-api/1.20.0/flink-core-api-1.20.0.jar:/Users/barsnir/.m2/repository/org/apache/flink/flink-metrics-core/1.20.0/flink-metrics-core-1.20.0.jar:/Users/barsnir/.m2/repository/org/apache/flink/flink-annotations/1.20.0/flink-annotations-1.20.0.jar:/Users/barsnir/.m2/repository/org/apache/flink/flink-shaded-jackson/2.14.2-17.0/flink-shaded-jackson-2.14.2-17.0.jar:/Users/barsnir/.m2/repository/org/snakeyaml/snakeyaml-engine/2.6/snakeyaml-engine-2.6.jar:/Users/barsnir/.m2/repository/org/apache/commons/commons-text/1.10.0/commons-text-1.10.0.jar:/Users/barsnir/.m2/repository/com/esotericsoftware/kryo/kryo/2.24.0/kryo-2.24.0.jar:/Users/barsnir/.m2/repository/com/esotericsoftware/minlog/minlog/1.2/minlog-1.2.jar:/Users/barsnir/.m2/repository/org/objenesis/objenesis/2.1/objenesis-2.1.jar:/Users/barsnir/.m2/repository/commons-collections/commons-collections/3.2.2/commons-collections-3.2.2.jar:/Users/barsnir/.m2/repository/org/apache/flink/flink-shaded-guava/31.1-jre-17.0/flink-shaded-guava-31.1-jre-17.0.jar:/Users/barsnir/.m2/repository/org/apache/flink/flink-shaded-asm-9/9.5-17.0/flink-shaded-asm-9-9.5-17.0.jar:/Users/barsnir/.m2/repository/com/ibm/icu/icu4j/67.1/icu4j-67.1.jar:/Users/barsnir/.m2/repository/org/slf4j/slf4j-api/1.7.36/slf4j-api-1.7.36.jar:/Users/barsnir/.m2/repository/com/google/code/findbugs/jsr305/1.3.9/jsr305-1.3.9.jar:/Users/barsnir/.m2/repository/org/apache/flink/flink-sql-connector-kafka/3.3.0-1.20/flink-sql-connector-kafka-3.3.0-1.20.jar:/Users/barsnir/.m2/repository/com/fasterxml/jackson/core/jackson-core/2.15.2/jackson-core-2.15.2.jar:/Users/barsnir/.m2/repository/com/fasterxml/jackson/core/jackson-databind/2.15.2/jackson-databind-2.15.2.jar:/Users/barsnir/.m2/repository/com/fasterxml/jackson/core/jackson-annotations/2.15.2/jackson-annotations-2.15.2.jar:/Users/barsnir/.m2/repository/com/fasterxml/jackson/datatype/jackson-datatype-jsr310/2.15.2/jackson-datatype-jsr310-2.15.2.jar:/Users/barsnir/.m2/repository/com/fasterxml/jackson/datatype/jackson-datatype-jdk8/2.15.2/jackson-datatype-jdk8-2.15.2.jar:/Users/barsnir/.m2/repository/org/apache/flink/flink-sql-avro/1.20.0/flink-sql-avro-1.20.0.jar:/Users/barsnir/.m2/repository/org/apache/flink/flink-sql-avro-confluent-registry/1.20.0/flink-sql-avro-confluent-registry-1.20.0.jar:/Users/barsnir/.m2/repository/org/slf4j/slf4j-reload4j/1.7.36/slf4j-reload4j-1.7.36.jar:/Users/barsnir/.m2/repository/ch/qos/reload4j/reload4j/1.2.19/reload4j-1.2.19.jar:/Users/barsnir/.m2/repository/io/confluent/kafka-schema-registry-client/7.8.0/kafka-schema-registry-client-7.8.0.jar:/Users/barsnir/.m2/repository/org/yaml/snakeyaml/2.0/snakeyaml-2.0.jar:/Users/barsnir/.m2/repository/org/apache/kafka/kafka-clients/7.8.0-ccs/kafka-clients-7.8.0-ccs.jar:/Users/barsnir/.m2/repository/com/github/luben/zstd-jni/1.5.6-4/zstd-jni-1.5.6-4.jar:/Users/barsnir/.m2/repository/org/lz4/lz4-java/1.8.0/lz4-java-1.8.0.jar:/Users/barsnir/.m2/repository/org/xerial/snappy/snappy-java/1.1.10.5/snappy-java-1.1.10.5.jar:/Users/barsnir/.m2/repository/org/apache/avro/avro/1.11.4/avro-1.11.4.jar:/Users/barsnir/.m2/repository/org/apache/commons/commons-compress/1.26.1/commons-compress-1.26.1.jar:/Users/barsnir/.m2/repository/commons-codec/commons-codec/1.16.1/commons-codec-1.16.1.jar:/Users/barsnir/.m2/repository/commons-io/commons-io/2.15.1/commons-io-2.15.1.jar:/Users/barsnir/.m2/repository/org/apache/commons/commons-lang3/3.14.0/commons-lang3-3.14.0.jar:/Users/barsnir/.m2/repository/io/swagger/core/v3/swagger-annotations/2.1.10/swagger-annotations-2.1.10.jar:/Users/barsnir/.m2/repository/com/google/guava/guava/32.0.1-jre/guava-32.0.1-jre.jar:/Users/barsnir/.m2/repository/com/google/guava/failureaccess/1.0.1/failureaccess-1.0.1.jar:/Users/barsnir/.m2/repository/com/google/guava/listenablefuture/9999.0-empty-to-avoid-conflict-with-guava/listenablefuture-9999.0-empty-to-avoid-conflict-with-guava.jar:/Users/barsnir/.m2/repository/org/checkerframework/checker-qual/3.33.0/checker-qual-3.33.0.jar:/Users/barsnir/.m2/repository/com/google/errorprone/error_prone_annotations/2.18.0/error_prone_annotations-2.18.0.jar:/Users/barsnir/.m2/repository/com/google/j2objc/j2objc-annotations/2.8/j2objc-annotations-2.8.jar:/Users/barsnir/.m2/repository/io/confluent/common-utils/7.8.0/common-utils-7.8.0.jar:/Users/barsnir/.m2/repository/org/json/json/20240303/json-20240303.jar:"/>
    <property name="sun.cpu.endian" value="little"/>
    <property name="user.home" value="/Users/barsnir"/>
    <property name="user.language" value="en"/>
    <property name="java.specification.vendor" value="Oracle Corporation"/>
    <property name="java.version.date" value="2024-10-15"/>
    <property name="java.home" value="/opt/homebrew/Cellar/openjdk/23.0.1/libexec/openjdk.jdk/Contents/Home"/>
    <property name="file.separator" value="/"/>
    <property name="basedir" value="/Users/barsnir/Desktop/projects/flink_schema_evolution/FlinkApp"/>
    <property name="java.vm.compressedOopsMode" value="Zero based"/>
    <property name="line.separator" value="&#10;"/>
    <property name="java.specification.name" value="Java Platform API Specification"/>
    <property name="java.vm.specification.vendor" value="Oracle Corporation"/>
    <property name="apple.awt.application.name" value="ForkedBooter"/>
    <property name="surefire.real.class.path" value="/Users/barsnir/Desktop/projects/flink_schema_evolution/FlinkApp/target/surefire/surefirebooter-20250108025629395_3.jar"/>
    <property name="sun.management.compiler" value="HotSpot 64-Bit Tiered Compilers"/>
    <property name="java.runtime.version" value="23.0.1"/>
    <property name="user.name" value="barsnir"/>
    <property name="stdout.encoding" value="UTF-8"/>
    <property name="path.separator" value=":"/>
    <property name="os.version" value="14.7.2"/>
    <property name="java.runtime.name" value="OpenJDK Runtime Environment"/>
    <property name="file.encoding" value="UTF-8"/>
    <property name="java.vm.name" value="OpenJDK 64-Bit Server VM"/>
    <property name="java.vendor.version" value="Homebrew"/>
    <property name="localRepository" value="/Users/barsnir/.m2/repository"/>
    <property name="java.vendor.url.bug" value="https://github.com/Homebrew/homebrew-core/issues"/>
    <property name="java.io.tmpdir" value="/var/folders/v4/dm63676d5jj1443vbm69v9500000gp/T/"/>
    <property name="java.version" value="23.0.1"/>
    <property name="user.dir" value="/Users/barsnir/Desktop/projects/flink_schema_evolution/FlinkApp"/>
    <property name="os.arch" value="aarch64"/>
    <property name="java.vm.specification.name" value="Java Virtual Machine Specification"/>
    <property name="native.encoding" value="UTF-8"/>
    <property name="java.library.path" value="/Users/barsnir/Library/Java/Extensions:/Library/Java/Extensions:/Network/Library/Java/Extensions:/System/Library/Java/Extensions:/usr/lib/java:."/>
    <property name="java.vm.info" value="mixed mode, sharing"/>
    <property name="stderr.encoding" value="UTF-8"/>
    <property name="java.vendor" value="Homebrew"/>
    <property name="java.vm.version" value="23.0.1"/>
    <property name="sun.io.unicode.encoding" value="UnicodeBig"/>
    <property name="java.class.version" value="67.0"/>
  </properties>
  <testcase name="testApp" classname="com.SchemaEvolution.FlinkApp.AppTest" time="0.001"/>
</testsuite>